[1026/162043.309:ERROR:process_reader_win.cc(123)] NtOpenThread: {Acesso negado} Um processo pediu acesso a um objeto, mas não lhe foram concedidos permissões de acesso. (0xc0000022)
[1026/162043.310:ERROR:exception_snapshot_win.cc(98)] thread ID 16892 not found in process
[1026/163904.721:ERROR:process_reader_win.cc(123)] NtOpenThread: {Acesso negado} Um processo pediu acesso a um objeto, mas não lhe foram concedidos permissões de acesso. (0xc0000022)
[1026/163904.722:ERROR:exception_snapshot_win.cc(98)] thread ID 21884 not found in process
[1026/172547.381:ERROR:process_reader_win.cc(123)] NtOpenThread: {Acesso negado} Um processo pediu acesso a um objeto, mas não lhe foram concedidos permissões de acesso. (0xc0000022)
[1026/172547.382:ERROR:exception_snapshot_win.cc(98)] thread ID 25552 not found in process
[1026/173321.643:ERROR:process_reader_win.cc(123)] NtOpenThread: {Acesso negado} Um processo pediu acesso a um objeto, mas não lhe foram concedidos permissões de acesso. (0xc0000022)
[1026/173321.644:ERROR:exception_snapshot_win.cc(98)] thread ID 5332 not found in process
[1026/173325.830:ERROR:process_reader_win.cc(123)] NtOpenThread: {Acesso negado} Um processo pediu acesso a um objeto, mas não lhe foram concedidos permissões de acesso. (0xc0000022)
[1026/173325.831:ERROR:exception_snapshot_win.cc(98)] thread ID 3200 not found in process
[1026/173612.248:ERROR:process_reader_win.cc(123)] NtOpenThread: {Acesso negado} Um processo pediu acesso a um objeto, mas não lhe foram concedidos permissões de acesso. (0xc0000022)
[1026/173612.249:ERROR:exception_snapshot_win.cc(98)] thread ID 7588 not found in process
[1026/173649.998:ERROR:process_reader_win.cc(123)] NtOpenThread: {Acesso negado} Um processo pediu acesso a um objeto, mas não lhe foram concedidos permissões de acesso. (0xc0000022)
[1026/173649.999:ERROR:exception_snapshot_win.cc(98)] thread ID 7516 not found in process
[1026/175640.552:ERROR:process_reader_win.cc(123)] NtOpenThread: {Acesso negado} Um processo pediu acesso a um objeto, mas não lhe foram concedidos permissões de acesso. (0xc0000022)
[1026/175640.552:ERROR:exception_snapshot_win.cc(98)] thread ID 30936 not found in process
[1026/175959.833:ERROR:process_reader_win.cc(123)] NtOpenThread: {Acesso negado} Um processo pediu acesso a um objeto, mas não lhe foram concedidos permissões de acesso. (0xc0000022)
[1026/175959.835:ERROR:exception_snapshot_win.cc(98)] thread ID 17500 not found in process
[1026/182455.951:ERROR:process_reader_win.cc(123)] NtOpenThread: {Acesso negado} Um processo pediu acesso a um objeto, mas não lhe foram concedidos permissões de acesso. (0xc0000022)
[1026/182455.952:ERROR:exception_snapshot_win.cc(98)] thread ID 18116 not found in process
[1026/182647.603:ERROR:process_reader_win.cc(123)] NtOpenThread: {Acesso negado} Um processo pediu acesso a um objeto, mas não lhe foram concedidos permissões de acesso. (0xc0000022)
[1026/182647.603:ERROR:exception_snapshot_win.cc(98)] thread ID 17616 not found in process
[1026/182814.435:ERROR:process_reader_win.cc(123)] NtOpenThread: {Acesso negado} Um processo pediu acesso a um objeto, mas não lhe foram concedidos permissões de acesso. (0xc0000022)
[1026/182814.436:ERROR:exception_snapshot_win.cc(98)] thread ID 25540 not found in process
[1026/183318.248:ERROR:process_reader_win.cc(123)] NtOpenThread: {Acesso negado} Um processo pediu acesso a um objeto, mas não lhe foram concedidos permissões de acesso. (0xc0000022)
[1026/183318.249:ERROR:exception_snapshot_win.cc(98)] thread ID 32644 not found in process
[1026/183557.768:ERROR:process_reader_win.cc(123)] NtOpenThread: {Acesso negado} Um processo pediu acesso a um objeto, mas não lhe foram concedidos permissões de acesso. (0xc0000022)
[1026/183557.768:ERROR:exception_snapshot_win.cc(98)] thread ID 32968 not found in process
[1026/190642.607:ERROR:process_reader_win.cc(123)] NtOpenThread: {Acesso negado} Um processo pediu acesso a um objeto, mas não lhe foram concedidos permissões de acesso. (0xc0000022)
[1026/190642.608:ERROR:exception_snapshot_win.cc(98)] thread ID 24196 not found in process
[1026/191302.396:ERROR:process_reader_win.cc(123)] NtOpenThread: {Acesso negado} Um processo pediu acesso a um objeto, mas não lhe foram concedidos permissões de acesso. (0xc0000022)
[1026/191302.397:ERROR:exception_snapshot_win.cc(98)] thread ID 12296 not found in process
[1026/192021.867:ERROR:process_reader_win.cc(123)] NtOpenThread: {Acesso negado} Um processo pediu acesso a um objeto, mas não lhe foram concedidos permissões de acesso. (0xc0000022)
[1026/192021.868:ERROR:exception_snapshot_win.cc(98)] thread ID 16456 not found in process
[1026/192021.867:ERROR:process_reader_win.cc(123)] NtOpenThread: {Acesso negado} Um processo pediu acesso a um objeto, mas não lhe foram concedidos permissões de acesso. (0xc0000022)
[1026/192021.868:ERROR:exception_snapshot_win.cc(98)] thread ID 9096 not found in process
[1026/192021.867:ERROR:process_reader_win.cc(123)] NtOpenThread: {Acesso negado} Um processo pediu acesso a um objeto, mas não lhe foram concedidos permissões de acesso. (0xc0000022)
[1026/192021.868:ERROR:exception_snapshot_win.cc(98)] thread ID 9552 not found in process
[1026/192412.101:ERROR:process_reader_win.cc(123)] NtOpenThread: {Acesso negado} Um processo pediu acesso a um objeto, mas não lhe foram concedidos permissões de acesso. (0xc0000022)
[1026/192412.102:ERROR:exception_snapshot_win.cc(98)] thread ID 17904 not found in process
[1026/193034.911:ERROR:process_reader_win.cc(123)] NtOpenThread: {Acesso negado} Um processo pediu acesso a um objeto, mas não lhe foram concedidos permissões de acesso. (0xc0000022)
[1026/193034.912:ERROR:exception_snapshot_win.cc(98)] thread ID 30672 not found in process
[1026/193036.254:ERROR:process_reader_win.cc(123)] NtOpenThread: {Acesso negado} Um processo pediu acesso a um objeto, mas não lhe foram concedidos permissões de acesso. (0xc0000022)
[1026/193036.254:ERROR:exception_snapshot_win.cc(98)] thread ID 34200 not found in process
[1026/193037.459:ERROR:process_reader_win.cc(123)] NtOpenThread: {Acesso negado} Um processo pediu acesso a um objeto, mas não lhe foram concedidos permissões de acesso. (0xc0000022)
[1026/193037.460:ERROR:exception_snapshot_win.cc(98)] thread ID 32008 not found in process
[1026/230223.401:ERROR:process_reader_win.cc(123)] NtOpenThread: {Acesso negado} Um processo pediu acesso a um objeto, mas não lhe foram concedidos permissões de acesso. (0xc0000022)
[1026/230223.401:ERROR:exception_snapshot_win.cc(98)] thread ID 28500 not found in process
[1026/232258.052:ERROR:process_reader_win.cc(123)] NtOpenThread: {Acesso negado} Um processo pediu acesso a um objeto, mas não lhe foram concedidos permissões de acesso. (0xc0000022)
[1026/232258.052:ERROR:exception_snapshot_win.cc(98)] thread ID 26164 not found in process
[1026/232258.871:ERROR:process_reader_win.cc(123)] NtOpenThread: {Acesso negado} Um processo pediu acesso a um objeto, mas não lhe foram concedidos permissões de acesso. (0xc0000022)
[1026/232258.872:ERROR:exception_snapshot_win.cc(98)] thread ID 32224 not found in process
[1026/232300.058:ERROR:process_reader_win.cc(123)] NtOpenThread: {Acesso negado} Um processo pediu acesso a um objeto, mas não lhe foram concedidos permissões de acesso. (0xc0000022)
[1026/232300.058:ERROR:exception_snapshot_win.cc(98)] thread ID 34600 not found in process
[1026/232302.083:ERROR:process_reader_win.cc(123)] NtOpenThread: {Acesso negado} Um processo pediu acesso a um objeto, mas não lhe foram concedidos permissões de acesso. (0xc0000022)
[1026/232302.083:ERROR:exception_snapshot_win.cc(98)] thread ID 25612 not found in process
[1026/232422.788:ERROR:process_reader_win.cc(123)] NtOpenThread: {Acesso negado} Um processo pediu acesso a um objeto, mas não lhe foram concedidos permissões de acesso. (0xc0000022)
[1026/232422.788:ERROR:exception_snapshot_win.cc(98)] thread ID 24640 not found in process
[1026/232423.652:ERROR:process_reader_win.cc(123)] NtOpenThread: {Acesso negado} Um processo pediu acesso a um objeto, mas não lhe foram concedidos permissões de acesso. (0xc0000022)
[1026/232423.653:ERROR:exception_snapshot_win.cc(98)] thread ID 4128 not found in process
[1026/232503.992:ERROR:process_reader_win.cc(123)] NtOpenThread: {Acesso negado} Um processo pediu acesso a um objeto, mas não lhe foram concedidos permissões de acesso. (0xc0000022)
[1026/232503.993:ERROR:exception_snapshot_win.cc(98)] thread ID 32420 not found in process
[1026/232648.539:ERROR:process_reader_win.cc(123)] NtOpenThread: {Acesso negado} Um processo pediu acesso a um objeto, mas não lhe foram concedidos permissões de acesso. (0xc0000022)
[1026/232648.539:ERROR:exception_snapshot_win.cc(98)] thread ID 29760 not found in process
[1026/232740.077:ERROR:process_reader_win.cc(123)] NtOpenThread: {Acesso negado} Um processo pediu acesso a um objeto, mas não lhe foram concedidos permissões de acesso. (0xc0000022)
[1026/232740.077:ERROR:exception_snapshot_win.cc(98)] thread ID 22416 not found in process
[1026/233039.312:ERROR:process_reader_win.cc(123)] NtOpenThread: {Acesso negado} Um processo pediu acesso a um objeto, mas não lhe foram concedidos permissões de acesso. (0xc0000022)
[1026/233039.312:ERROR:exception_snapshot_win.cc(98)] thread ID 30728 not found in process
[1026/233438.520:ERROR:process_reader_win.cc(123)] NtOpenThread: {Acesso negado} Um processo pediu acesso a um objeto, mas não lhe foram concedidos permissões de acesso. (0xc0000022)
[1026/233438.521:ERROR:exception_snapshot_win.cc(98)] thread ID 10952 not found in process
[1026/233439.747:ERROR:process_reader_win.cc(123)] NtOpenThread: {Acesso negado} Um processo pediu acesso a um objeto, mas não lhe foram concedidos permissões de acesso. (0xc0000022)
[1026/233439.747:ERROR:exception_snapshot_win.cc(98)] thread ID 30804 not found in process
[1026/233904.865:ERROR:process_reader_win.cc(123)] NtOpenThread: {Acesso negado} Um processo pediu acesso a um objeto, mas não lhe foram concedidos permissões de acesso. (0xc0000022)
[1026/233904.865:ERROR:exception_snapshot_win.cc(98)] thread ID 22212 not found in process
[1026/234008.413:ERROR:process_reader_win.cc(123)] NtOpenThread: {Acesso negado} Um processo pediu acesso a um objeto, mas não lhe foram concedidos permissões de acesso. (0xc0000022)
[1026/234008.415:ERROR:exception_snapshot_win.cc(98)] thread ID 15872 not found in process
[1026/234328.238:ERROR:process_reader_win.cc(123)] NtOpenThread: {Acesso negado} Um processo pediu acesso a um objeto, mas não lhe foram concedidos permissões de acesso. (0xc0000022)
[1026/234328.238:ERROR:exception_snapshot_win.cc(98)] thread ID 10212 not found in process
[1028/111433.152:ERROR:process_reader_win.cc(123)] NtOpenThread: {Acesso negado} Um processo pediu acesso a um objeto, mas não lhe foram concedidos permissões de acesso. (0xc0000022)
[1028/111433.152:ERROR:exception_snapshot_win.cc(98)] thread ID 8776 not found in process
[1028/112250.027:ERROR:process_reader_win.cc(123)] NtOpenThread: {Acesso negado} Um processo pediu acesso a um objeto, mas não lhe foram concedidos permissões de acesso. (0xc0000022)
[1028/112250.027:ERROR:exception_snapshot_win.cc(98)] thread ID 12824 not found in process
[1028/114656.046:ERROR:process_reader_win.cc(123)] NtOpenThread: {Acesso negado} Um processo pediu acesso a um objeto, mas não lhe foram concedidos permissões de acesso. (0xc0000022)
[1028/114656.046:ERROR:exception_snapshot_win.cc(98)] thread ID 22320 not found in process
[1029/151526.405:ERROR:process_reader_win.cc(123)] NtOpenThread: {Acesso negado} Um processo pediu acesso a um objeto, mas não lhe foram concedidos permissões de acesso. (0xc0000022)
[1029/151526.407:ERROR:exception_snapshot_win.cc(98)] thread ID 14248 not found in process
[1029/175719.321:ERROR:process_reader_win.cc(123)] NtOpenThread: {Acesso negado} Um processo pediu acesso a um objeto, mas não lhe foram concedidos permissões de acesso. (0xc0000022)
[1029/175719.322:ERROR:exception_snapshot_win.cc(98)] thread ID 16884 not found in process
[1029/181420.711:ERROR:process_reader_win.cc(123)] NtOpenThread: {Acesso negado} Um processo pediu acesso a um objeto, mas não lhe foram concedidos permissões de acesso. (0xc0000022)
[1029/181420.712:ERROR:exception_snapshot_win.cc(98)] thread ID 17928 not found in process
[1030/161736.597:ERROR:process_reader_win.cc(123)] NtOpenThread: {Acesso negado} Um processo pediu acesso a um objeto, mas não lhe foram concedidos permissões de acesso. (0xc0000022)
[1030/161736.599:ERROR:exception_snapshot_win.cc(98)] thread ID 11532 not found in process
[1030/170139.472:ERROR:process_reader_win.cc(123)] NtOpenThread: {Acesso negado} Um processo pediu acesso a um objeto, mas não lhe foram concedidos permissões de acesso. (0xc0000022)
[1030/170139.473:ERROR:exception_snapshot_win.cc(98)] thread ID 10352 not found in process
[1030/173936.652:ERROR:process_reader_win.cc(123)] NtOpenThread: {Acesso negado} Um processo pediu acesso a um objeto, mas não lhe foram concedidos permissões de acesso. (0xc0000022)
[1030/173936.653:ERROR:exception_snapshot_win.cc(98)] thread ID 15160 not found in process
[1030/175049.348:ERROR:process_reader_win.cc(123)] NtOpenThread: {Acesso negado} Um processo pediu acesso a um objeto, mas não lhe foram concedidos permissões de acesso. (0xc0000022)
[1030/175049.353:ERROR:exception_snapshot_win.cc(98)] thread ID 11148 not found in process
[1030/213629.856:ERROR:process_reader_win.cc(123)] NtOpenThread: {Acesso negado} Um processo pediu acesso a um objeto, mas não lhe foram concedidos permissões de acesso. (0xc0000022)
[1030/213629.859:ERROR:exception_snapshot_win.cc(98)] thread ID 5040 not found in process
[1112/172454.867:ERROR:process_reader_win.cc(123)] NtOpenThread: {Acesso negado} Um processo pediu acesso a um objeto, mas não lhe foram concedidos permissões de acesso. (0xc0000022)
[1112/172454.869:ERROR:exception_snapshot_win.cc(98)] thread ID 6328 not found in process
[1112/174238.731:ERROR:process_reader_win.cc(123)] NtOpenThread: {Acesso negado} Um processo pediu acesso a um objeto, mas não lhe foram concedidos permissões de acesso. (0xc0000022)
[1112/174238.732:ERROR:exception_snapshot_win.cc(98)] thread ID 1364 not found in process
[1112/234742.918:ERROR:process_reader_win.cc(151)] SuspendThread: Acesso negado. (0x5)
[1112/234742.919:ERROR:process_reader_win.cc(151)] SuspendThread: Acesso negado. (0x5)
[1112/234742.919:ERROR:process_reader_win.cc(151)] SuspendThread: Acesso negado. (0x5)
[1112/234742.919:ERROR:process_reader_win.cc(151)] SuspendThread: Acesso negado. (0x5)
[1112/234742.919:ERROR:process_reader_win.cc(123)] NtOpenThread: {Acesso negado} Um processo pediu acesso a um objeto, mas não lhe foram concedidos permissões de acesso. (0xc0000022)
[1112/234742.920:ERROR:exception_snapshot_win.cc(98)] thread ID 17380 not found in process
[1113/010546.329:ERROR:process_reader_win.cc(123)] NtOpenThread: {Acesso negado} Um processo pediu acesso a um objeto, mas não lhe foram concedidos permissões de acesso. (0xc0000022)
[1113/010546.331:ERROR:exception_snapshot_win.cc(98)] thread ID 6060 not found in process
[1113/153613.749:ERROR:process_reader_win.cc(123)] NtOpenThread: {Acesso negado} Um processo pediu acesso a um objeto, mas não lhe foram concedidos permissões de acesso. (0xc0000022)
[1113/153613.759:ERROR:exception_snapshot_win.cc(98)] thread ID 3828 not found in process
[1113/153815.454:ERROR:process_reader_win.cc(123)] NtOpenThread: {Acesso negado} Um processo pediu acesso a um objeto, mas não lhe foram concedidos permissões de acesso. (0xc0000022)
[1113/153815.454:ERROR:exception_snapshot_win.cc(98)] thread ID 19724 not found in process
[1113/160619.641:ERROR:process_reader_win.cc(123)] NtOpenThread: {Acesso negado} Um processo pediu acesso a um objeto, mas não lhe foram concedidos permissões de acesso. (0xc0000022)
[1113/160619.642:ERROR:exception_snapshot_win.cc(98)] thread ID 24028 not found in process
[1113/162704.325:ERROR:process_reader_win.cc(123)] NtOpenThread: {Acesso negado} Um processo pediu acesso a um objeto, mas não lhe foram concedidos permissões de acesso. (0xc0000022)
[1113/162704.326:ERROR:exception_snapshot_win.cc(98)] thread ID 26156 not found in process
[1113/162705.544:ERROR:process_reader_win.cc(123)] NtOpenThread: {Acesso negado} Um processo pediu acesso a um objeto, mas não lhe foram concedidos permissões de acesso. (0xc0000022)
[1113/162705.545:ERROR:exception_snapshot_win.cc(98)] thread ID 6904 not found in process
[1113/163329.586:ERROR:process_reader_win.cc(123)] NtOpenThread: {Acesso negado} Um processo pediu acesso a um objeto, mas não lhe foram concedidos permissões de acesso. (0xc0000022)
[1113/163329.586:ERROR:exception_snapshot_win.cc(98)] thread ID 28392 not found in process
[1113/163421.938:ERROR:process_reader_win.cc(123)] NtOpenThread: {Acesso negado} Um processo pediu acesso a um objeto, mas não lhe foram concedidos permissões de acesso. (0xc0000022)
[1113/163421.938:ERROR:exception_snapshot_win.cc(98)] thread ID 14816 not found in process
[1113/182945.466:ERROR:process_reader_win.cc(123)] NtOpenThread: {Acesso negado} Um processo pediu acesso a um objeto, mas não lhe foram concedidos permissões de acesso. (0xc0000022)
[1113/182945.467:ERROR:exception_snapshot_win.cc(98)] thread ID 16888 not found in process
[1113/184500.160:ERROR:process_reader_win.cc(123)] NtOpenThread: {Acesso negado} Um processo pediu acesso a um objeto, mas não lhe foram concedidos permissões de acesso. (0xc0000022)
[1113/184500.161:ERROR:exception_snapshot_win.cc(98)] thread ID 16932 not found in process
[1114/161752.579:ERROR:process_reader_win.cc(123)] NtOpenThread: {Acesso negado} Um processo pediu acesso a um objeto, mas não lhe foram concedidos permissões de acesso. (0xc0000022)
[1114/161752.626:ERROR:exception_snapshot_win.cc(98)] thread ID 24556 not found in process
[1114/184502.859:ERROR:process_reader_win.cc(123)] NtOpenThread: {Acesso negado} Um processo pediu acesso a um objeto, mas não lhe foram concedidos permissões de acesso. (0xc0000022)
[1114/184502.861:ERROR:exception_snapshot_win.cc(98)] thread ID 11784 not found in process
[1114/185528.981:ERROR:process_reader_win.cc(123)] NtOpenThread: {Acesso negado} Um processo pediu acesso a um objeto, mas não lhe foram concedidos permissões de acesso. (0xc0000022)
[1114/185528.982:ERROR:exception_snapshot_win.cc(98)] thread ID 768 not found in process
[1114/191839.631:ERROR:process_reader_win.cc(123)] NtOpenThread: {Acesso negado} Um processo pediu acesso a um objeto, mas não lhe foram concedidos permissões de acesso. (0xc0000022)
[1114/191839.632:ERROR:exception_snapshot_win.cc(98)] thread ID 9484 not found in process
[1208/113844.199:ERROR:process_reader_win.cc(123)] NtOpenThread: {Acesso negado} Um processo pediu acesso a um objeto, mas não lhe foram concedidos permissões de acesso. (0xc0000022)
[1208/113844.201:ERROR:exception_snapshot_win.cc(98)] thread ID 12272 not found in process
[1208/175330.913:ERROR:process_reader_win.cc(151)] SuspendThread: Acesso negado. (0x5)
[1208/175330.914:ERROR:process_reader_win.cc(151)] SuspendThread: Acesso negado. (0x5)
[1208/175330.915:ERROR:process_reader_win.cc(123)] NtOpenThread: {Acesso negado} Um processo pediu acesso a um objeto, mas não lhe foram concedidos permissões de acesso. (0xc0000022)
[1208/175330.915:ERROR:exception_snapshot_win.cc(98)] thread ID 23908 not found in process
[1208/180500.095:ERROR:process_reader_win.cc(123)] NtOpenThread: {Acesso negado} Um processo pediu acesso a um objeto, mas não lhe foram concedidos permissões de acesso. (0xc0000022)
[1208/180500.096:ERROR:exception_snapshot_win.cc(98)] thread ID 25332 not found in process
[1208/180904.102:ERROR:process_reader_win.cc(123)] NtOpenThread: {Acesso negado} Um processo pediu acesso a um objeto, mas não lhe foram concedidos permissões de acesso. (0xc0000022)
[1208/180904.103:ERROR:exception_snapshot_win.cc(98)] thread ID 17384 not found in process
[1209/191121.003:ERROR:process_reader_win.cc(123)] NtOpenThread: {Acesso negado} Um processo pediu acesso a um objeto, mas não lhe foram concedidos permissões de acesso. (0xc0000022)
[1209/191121.004:ERROR:exception_snapshot_win.cc(98)] thread ID 13816 not found in process
[1209/191236.867:ERROR:process_reader_win.cc(123)] NtOpenThread: {Acesso negado} Um processo pediu acesso a um objeto, mas não lhe foram concedidos permissões de acesso. (0xc0000022)
[1209/191236.867:ERROR:exception_snapshot_win.cc(98)] thread ID 21516 not found in process
[1209/191531.123:ERROR:process_reader_win.cc(123)] NtOpenThread: {Acesso negado} Um processo pediu acesso a um objeto, mas não lhe foram concedidos permissões de acesso. (0xc0000022)
[1209/191531.124:ERROR:exception_snapshot_win.cc(98)] thread ID 10640 not found in process
[1209/191631.256:ERROR:process_reader_win.cc(123)] NtOpenThread: {Acesso negado} Um processo pediu acesso a um objeto, mas não lhe foram concedidos permissões de acesso. (0xc0000022)
[1209/191631.256:ERROR:exception_snapshot_win.cc(98)] thread ID 26764 not found in process
[1209/191758.939:ERROR:process_reader_win.cc(123)] NtOpenThread: {Acesso negado} Um processo pediu acesso a um objeto, mas não lhe foram concedidos permissões de acesso. (0xc0000022)
[1209/191758.940:ERROR:exception_snapshot_win.cc(98)] thread ID 26768 not found in process
[1209/192044.591:ERROR:process_reader_win.cc(123)] NtOpenThread: {Acesso negado} Um processo pediu acesso a um objeto, mas não lhe foram concedidos permissões de acesso. (0xc0000022)
[1209/192044.592:ERROR:exception_snapshot_win.cc(98)] thread ID 13248 not found in process
[1209/192045.692:ERROR:process_reader_win.cc(123)] NtOpenThread: {Acesso negado} Um processo pediu acesso a um objeto, mas não lhe foram concedidos permissões de acesso. (0xc0000022)
[1209/192045.693:ERROR:exception_snapshot_win.cc(98)] thread ID 18540 not found in process
[1209/192122.726:ERROR:process_reader_win.cc(123)] NtOpenThread: {Acesso negado} Um processo pediu acesso a um objeto, mas não lhe foram concedidos permissões de acesso. (0xc0000022)
[1209/192122.726:ERROR:exception_snapshot_win.cc(98)] thread ID 28328 not found in process
[1211/170540.887:ERROR:process_reader_win.cc(123)] NtOpenThread: {Acesso negado} Um processo pediu acesso a um objeto, mas não lhe foram concedidos permissões de acesso. (0xc0000022)
[1211/170540.890:ERROR:exception_snapshot_win.cc(98)] thread ID 324 not found in process
[1211/170700.458:ERROR:process_reader_win.cc(123)] NtOpenThread: {Acesso negado} Um processo pediu acesso a um objeto, mas não lhe foram concedidos permissões de acesso. (0xc0000022)
[1211/170700.459:ERROR:exception_snapshot_win.cc(98)] thread ID 2896 not found in process
[1211/173848.272:ERROR:process_reader_win.cc(123)] NtOpenThread: {Acesso negado} Um processo pediu acesso a um objeto, mas não lhe foram concedidos permissões de acesso. (0xc0000022)
[1211/173848.274:ERROR:exception_snapshot_win.cc(98)] thread ID 10412 not found in process
[1211/174105.637:ERROR:process_reader_win.cc(123)] NtOpenThread: {Acesso negado} Um processo pediu acesso a um objeto, mas não lhe foram concedidos permissões de acesso. (0xc0000022)
[1211/174105.638:ERROR:exception_snapshot_win.cc(98)] thread ID 5648 not found in process
[1212/142628.066:ERROR:process_reader_win.cc(123)] NtOpenThread: {Acesso negado} Um processo pediu acesso a um objeto, mas não lhe foram concedidos permissões de acesso. (0xc0000022)
[1212/142628.067:ERROR:exception_snapshot_win.cc(98)] thread ID 7076 not found in process
[1212/142629.671:ERROR:process_reader_win.cc(123)] NtOpenThread: {Acesso negado} Um processo pediu acesso a um objeto, mas não lhe foram concedidos permissões de acesso. (0xc0000022)
[1212/142629.671:ERROR:exception_snapshot_win.cc(98)] thread ID 10428 not found in process
[1212/143310.208:ERROR:process_reader_win.cc(123)] NtOpenThread: {Acesso negado} Um processo pediu acesso a um objeto, mas não lhe foram concedidos permissões de acesso. (0xc0000022)
[1212/143310.209:ERROR:exception_snapshot_win.cc(98)] thread ID 25552 not found in process
[1212/152603.565:ERROR:process_reader_win.cc(123)] NtOpenThread: {Acesso negado} Um processo pediu acesso a um objeto, mas não lhe foram concedidos permissões de acesso. (0xc0000022)
[1212/152603.566:ERROR:exception_snapshot_win.cc(98)] thread ID 11312 not found in process
[0115/124611.708:ERROR:process_reader_win.cc(123)] NtOpenThread: {Acesso negado} Um processo pediu acesso a um objeto, mas não lhe foram concedidos permissões de acesso. (0xc0000022)
[0115/124611.710:ERROR:exception_snapshot_win.cc(98)] thread ID 5836 not found in process
[0115/124714.288:ERROR:process_reader_win.cc(123)] NtOpenThread: {Acesso negado} Um processo pediu acesso a um objeto, mas não lhe foram concedidos permissões de acesso. (0xc0000022)
[0115/124714.291:ERROR:exception_snapshot_win.cc(98)] thread ID 28912 not found in process
[0115/124825.261:ERROR:process_reader_win.cc(123)] NtOpenThread: {Acesso negado} Um processo pediu acesso a um objeto, mas não lhe foram concedidos permissões de acesso. (0xc0000022)
[0115/124825.262:ERROR:exception_snapshot_win.cc(98)] thread ID 16720 not found in process
[0115/125002.239:ERROR:process_reader_win.cc(123)] NtOpenThread: {Acesso negado} Um processo pediu acesso a um objeto, mas não lhe foram concedidos permissões de acesso. (0xc0000022)
[0115/125002.240:ERROR:exception_snapshot_win.cc(98)] thread ID 20736 not found in process
[0115/125315.650:ERROR:process_reader_win.cc(123)] NtOpenThread: {Acesso negado} Um processo pediu acesso a um objeto, mas não lhe foram concedidos permissões de acesso. (0xc0000022)
[0115/125315.651:ERROR:exception_snapshot_win.cc(98)] thread ID 35160 not found in process
[0115/125627.034:ERROR:process_reader_win.cc(123)] NtOpenThread: {Acesso negado} Um processo pediu acesso a um objeto, mas não lhe foram concedidos permissões de acesso. (0xc0000022)
[0115/125627.035:ERROR:exception_snapshot_win.cc(98)] thread ID 28784 not found in process
[0115/125724.901:ERROR:process_reader_win.cc(123)] NtOpenThread: {Acesso negado} Um processo pediu acesso a um objeto, mas não lhe foram concedidos permissões de acesso. (0xc0000022)
[0115/125724.902:ERROR:exception_snapshot_win.cc(98)] thread ID 37876 not found in process
[0115/145003.854:ERROR:process_reader_win.cc(123)] NtOpenThread: {Acesso negado} Um processo pediu acesso a um objeto, mas não lhe foram concedidos permissões de acesso. (0xc0000022)
[0115/145003.856:ERROR:exception_snapshot_win.cc(98)] thread ID 20244 not found in process
[0115/145527.500:ERROR:process_reader_win.cc(123)] NtOpenThread: {Acesso negado} Um processo pediu acesso a um objeto, mas não lhe foram concedidos permissões de acesso. (0xc0000022)
[0115/145527.501:ERROR:exception_snapshot_win.cc(98)] thread ID 37408 not found in process
[0115/150008.004:ERROR:process_reader_win.cc(123)] NtOpenThread: {Acesso negado} Um processo pediu acesso a um objeto, mas não lhe foram concedidos permissões de acesso. (0xc0000022)
[0115/150008.006:ERROR:exception_snapshot_win.cc(98)] thread ID 26468 not found in process
